{"level":"warn","message":"404 - Page not found: /auth/login","timestamp":"2026-04-22T10:23:02.244Z"}
{"level":"warn","message":"404 - Page not found: /auth/login","timestamp":"2026-04-22T10:23:03.452Z"}
{"level":"warn","message":"404 - Page not found: /auth/login","timestamp":"2026-04-22T10:23:05.906Z"}
{"level":"warn","message":"404 - Page not found: /auth/login","timestamp":"2026-04-22T10:23:06.204Z"}
{"level":"warn","message":"404 - Page not found: /auth/login","timestamp":"2026-04-22T10:23:06.419Z"}
{"level":"warn","message":"404 - Page not found: /auth/login","timestamp":"2026-04-22T10:23:06.675Z"}
{"level":"warn","message":"404 - Page not found: /auth/login","timestamp":"2026-04-22T10:23:06.923Z"}
{"level":"warn","message":"404 - Page not found: /auth/login","timestamp":"2026-04-22T10:26:01.652Z"}
{"level":"warn","message":"404 - Page not found: /auth/login","timestamp":"2026-04-22T10:26:02.251Z"}
{"level":"warn","message":"404 - Page not found: /auth/login","timestamp":"2026-04-22T10:26:02.563Z"}
{"level":"warn","message":"404 - Page not found: /auth/login","timestamp":"2026-04-22T10:26:02.762Z"}
{"level":"warn","message":"404 - Page not found: /auth/login","timestamp":"2026-04-22T10:26:03.002Z"}
{"level":"warn","message":"404 - Page not found: /auth/login","timestamp":"2026-04-22T10:26:03.251Z"}
{"level":"warn","message":"404 - Page not found: /auth/send/signup?token=169354c65bdd567270f3ce0461776840767d8ffe1420175fee7919af43e9414d","timestamp":"2026-04-24T07:31:14.419Z"}
{"level":"warn","message":"404 - Page not found: /auth/signup?token=169354c65bdd567270f3ce0461776840767d8ffe1420175fee7919af43e9414d","timestamp":"2026-04-24T07:31:22.649Z"}
{"level":"warn","message":"404 - Page not found: /auth/register-invite/signup?token=169354c65bdd567270f3ce0461776840767d8ffe1420175fee7919af43e9414d","timestamp":"2026-04-24T07:31:45.431Z"}
{"level":"warn","message":"404 - Page not found: /auth/register-invite/signup?token=169354c65bdd567270f3ce0461776840767d8ffe1420175fee7919af43e9414d","timestamp":"2026-04-24T07:31:51.009Z"}
{"level":"warn","message":"404 - Page not found: /auth/register-invite/signup?token=169354c65bdd567270f3ce0461776840767d8ffe1420175fee7919af43e9414d","timestamp":"2026-04-24T07:46:47.790Z"}
{"level":"warn","message":"404 - Page not found: /auth/register-invite/signup?token=169354c65bdd567270f3ce0461776840767d8ffe1420175fee7919af43e9414d","timestamp":"2026-04-24T07:47:13.778Z"}
{"level":"warn","message":"404 - Page not found: /auth/invite/signup?token=169354c65bdd567270f3ce0461776840767d8ffe1420175fee7919af43e9414d","timestamp":"2026-04-24T07:48:46.514Z"}
{"level":"warn","message":"404 - Page not found: /auth/invite/signup?token=169354c65bdd567270f3ce0461776840767d8ffe1420175fee7919af43e9414d","timestamp":"2026-04-24T08:13:29.582Z"}
{"level":"warn","message":"404 - Page not found: /auth/invite/signup?token=169354c65bdd567270f3ce0461776840767d8ffe1420175fee7919af43e9414d","timestamp":"2026-04-24T08:13:30.325Z"}
{"level":"warn","message":"404 - Page not found: /auth/invite/signup?token=169354c65bdd567270f3ce0461776840767d8ffe1420175fee7919af43e9414d","timestamp":"2026-04-24T08:13:30.508Z"}
{"level":"warn","message":"404 - Page not found: /auth/invite/signup?token=169354c65bdd567270f3ce0461776840767d8ffe1420175fee7919af43e9414d","timestamp":"2026-04-24T08:13:48.069Z"}
{"level":"warn","message":"404 - Page not found: /auth/invite/signup?token=169354c65bdd567270f3ce0461776840767d8ffe1420175fee7919af43e9414d","timestamp":"2026-04-24T08:13:50.876Z"}
{"level":"warn","message":"404 - Page not found: /auth/invite/signup?token=169354c65bdd567270f3ce0461776840767d8ffe1420175fee7919af43e9414d","timestamp":"2026-04-24T08:14:01.524Z"}
{"level":"warn","message":"404 - Page not found: /auth/login","timestamp":"2026-04-27T11:41:31.958Z"}
{"level":"warn","message":"404 - Page not found: /auth/login","timestamp":"2026-04-27T11:41:34.290Z"}
{"level":"warn","message":"404 - Page not found: /auth/login","timestamp":"2026-04-27T11:41:36.361Z"}
{"level":"warn","message":"404 - Page not found: /api/v1/auth/login","timestamp":"2026-04-27T11:43:45.769Z"}
{"level":"warn","message":"404 - Page not found: /api/vl/authlogin","timestamp":"2026-04-27T11:44:21.544Z"}
{"level":"warn","message":"404 - Page not found: /invite/send","timestamp":"2026-04-27T11:47:09.769Z"}
{"level":"warn","message":"404 - Page not found: /apiv1/auth/invite","timestamp":"2026-04-27T12:22:27.728Z"}
{"level":"warn","message":"404 - Page not found: /apiv1/auth/invite","timestamp":"2026-04-27T12:22:28.512Z"}
{"level":"warn","message":"404 - Page not found: /apiv1/auth/invite","timestamp":"2026-04-27T12:22:28.839Z"}
{"level":"warn","message":"404 - Page not found: /apiv1/auth/invite","timestamp":"2026-04-27T12:22:29.078Z"}
{"level":"warn","message":"404 - Page not found: /apiv1/auth/invite","timestamp":"2026-04-27T12:22:29.288Z"}
{"level":"warn","message":"404 - Page not found: /apiv1/auth/invite","timestamp":"2026-04-27T12:22:29.487Z"}
{"level":"warn","message":"404 - Page not found: /apiv1/auth/invite","timestamp":"2026-04-27T12:22:29.704Z"}
{"level":"warn","message":"404 - Page not found: /apiv1/auth/invite","timestamp":"2026-04-27T12:22:29.880Z"}
